# JRE version: Java(TM) SE Runtime Environment (8.0_191-b12) (build 1.8.0_191-b12)
# Java VM: Java HotSpot(TM) 64-Bit Server VM (25.191-b12 mixed mode linux-amd64 compressed oops)
Heap:
 PSYoungGen      total 424448K, used 164034K [0x000000076cb80000, 0x000000078d680000, 0x00000007c0000000)
  eden space 358400K, 37% used [0x000000076cb80000,0x0000000774da6420,0x0000000782980000)
  from space 66048K, 46% used [0x0000000789600000,0x000000078b40a748,0x000000078d680000)
  to   space 88576K, 0% used [0x0000000782980000,0x0000000782980000,0x0000000788000000)
 ParOldGen       total 192000K, used 113573K [0x00000006c6200000, 0x00000006d1d80000, 0x000000076cb80000)
  object space 192000K, 59% used [0x00000006c6200000,0x00000006cd0e9578,0x00000006d1d80000)
 Metaspace       used 43981K, capacity 45378K, committed 45528K, reserved 1089536K
  class space    used 5345K, capacity 5594K, committed 5632K, reserved 1048576K
GC Heap History (10 events):
Event: 1.797 GC heap before
{Heap before GC invocations=6 (full 2):
 PSYoungGen      total 220160K, used 10239K [0x000000076cb80000, 0x000000077db80000, 0x00000007c0000000)
  eden space 209920K, 0% used [0x000000076cb80000,0x000000076cb80000,0x0000000779880000)
  from space 10240K, 99% used [0x000000077d180000,0x000000077db7fea8,0x000000077db80000)
  to   space 10240K, 0% used [0x000000077c780000,0x000000077c780000,0x000000077d180000)
 ParOldGen       total 142848K, used 32744K [0x00000006c6200000, 0x00000006ced80000, 0x000000076cb80000)
  object space 142848K, 22% used [0x00000006c6200000,0x00000006c81fa258,0x00000006ced80000)
 Metaspace       used 34293K, capacity 35216K, committed 35416K, reserved 1079296K
  class space    used 4515K, capacity 4690K, committed 4736K, reserved 1048576K
Event: 1.860 GC heap after
Heap after GC invocations=6 (full 2):
 PSYoungGen      total 220160K, used 0K [0x000000076cb80000, 0x000000077db80000, 0x00000007c0000000)
  eden space 209920K, 0% used [0x000000076cb80000,0x000000076cb80000,0x0000000779880000)
  from space 10240K, 0% used [0x000000077d180000,0x000000077d180000,0x000000077db80000)
  to   space 10240K, 0% used [0x000000077c780000,0x000000077c780000,0x000000077d180000)
 ParOldGen       total 192000K, used 41838K [0x00000006c6200000, 0x00000006d1d80000, 0x000000076cb80000)
  object space 192000K, 21% used [0x00000006c6200000,0x00000006c8adbba0,0x00000006d1d80000)
 Metaspace       used 34293K, capacity 35216K, committed 35416K, reserved 1079296K
  class space    used 4515K, capacity 4690K, committed 4736K, reserved 1048576K
}
Event: 2.882 GC heap before
{Heap before GC invocations=7 (full 2):
 PSYoungGen      total 220160K, used 209920K [0x000000076cb80000, 0x000000077db80000, 0x00000007c0000000)
  eden space 209920K, 100% used [0x000000076cb80000,0x0000000779880000,0x0000000779880000)
  from space 10240K, 0% used [0x000000077d180000,0x000000077d180000,0x000000077db80000)
  to   space 10240K, 0% used [0x000000077c780000,0x000000077c780000,0x000000077d180000)
 ParOldGen       total 192000K, used 41838K [0x00000006c6200000, 0x00000006d1d80000, 0x000000076cb80000)
  object space 192000K, 21% used [0x00000006c6200000,0x00000006c8adbba0,0x00000006d1d80000)
 Metaspace       used 35713K, capacity 36674K, committed 37080K, reserved 1081344K
  class space    used 4591K, capacity 4763K, committed 4864K, reserved 1048576K
Event: 2.902 GC heap after
Heap after GC invocations=7 (full 2):
 PSYoungGen      total 268288K, used 10225K [0x000000076cb80000, 0x0000000784e80000, 0x00000007c0000000)
  eden space 258048K, 0% used [0x000000076cb80000,0x000000076cb80000,0x000000077c780000)
  from space 10240K, 99% used [0x000000077c780000,0x000000077d17c658,0x000000077d180000)
  to   space 42496K, 0% used [0x0000000782500000,0x0000000782500000,0x0000000784e80000)
 ParOldGen       total 192000K, used 65575K [0x00000006c6200000, 0x00000006d1d80000, 0x000000076cb80000)
  object space 192000K, 34% used [0x00000006c6200000,0x00000006ca209d18,0x00000006d1d80000)
 Metaspace       used 35713K, capacity 36674K, committed 37080K, reserved 1081344K
  class space    used 4591K, capacity 4763K, committed 4864K, reserved 1048576K
}
Event: 64.743 GC heap before
{Heap before GC invocations=8 (full 2):
 PSYoungGen      total 268288K, used 260098K [0x000000076cb80000, 0x0000000784e80000, 0x00000007c0000000)
  eden space 258048K, 96% used [0x000000076cb80000,0x000000077bf84480,0x000000077c780000)
  from space 10240K, 99% used [0x000000077c780000,0x000000077d17c658,0x000000077d180000)
  to   space 42496K, 0% used [0x0000000782500000,0x0000000782500000,0x0000000784e80000)
 ParOldGen       total 192000K, used 65575K [0x00000006c6200000, 0x00000006d1d80000, 0x000000076cb80000)
  object space 192000K, 34% used [0x00000006c6200000,0x00000006ca209d18,0x00000006d1d80000)
 Metaspace       used 42334K, capacity 43556K, committed 43864K, reserved 1087488K
  class space    used 5183K, capacity 5399K, committed 5504K, reserved 1048576K
Event: 64.774 GC heap after
Heap after GC invocations=8 (full 2):
 PSYoungGen      total 322048K, used 42491K [0x000000076cb80000, 0x000000078c080000, 0x00000007c0000000)
  eden space 279552K, 0% used [0x000000076cb80000,0x000000076cb80000,0x000000077dc80000)
  from space 42496K, 99% used [0x0000000782500000,0x0000000784e7ee28,0x0000000784e80000)
  to   space 74240K, 0% used [0x000000077dc80000,0x000000077dc80000,0x0000000782500000)
 ParOldGen       total 192000K, used 105949K [0x00000006c6200000, 0x00000006d1d80000, 0x000000076cb80000)
  object space 192000K, 55% used [0x00000006c6200000,0x00000006cc977578,0x00000006d1d80000)
 Metaspace       used 42334K, capacity 43556K, committed 43864K, reserved 1087488K
  class space    used 5183K, capacity 5399K, committed 5504K, reserved 1048576K
}
Event: 10959.029 GC heap before
{Heap before GC invocations=9 (full 2):
 PSYoungGen      total 322048K, used 322043K [0x000000076cb80000, 0x000000078c080000, 0x00000007c0000000)
  eden space 279552K, 100% used [0x000000076cb80000,0x000000077dc80000,0x000000077dc80000)
  from space 42496K, 99% used [0x0000000782500000,0x0000000784e7ee28,0x0000000784e80000)
  to   space 74240K, 0% used [0x000000077dc80000,0x000000077dc80000,0x0000000782500000)
 ParOldGen       total 192000K, used 105949K [0x00000006c6200000, 0x00000006d1d80000, 0x000000076cb80000)
  object space 192000K, 55% used [0x00000006c6200000,0x00000006cc977578,0x00000006d1d80000)
 Metaspace       used 43881K, capacity 45250K, committed 45528K, reserved 1089536K
  class space    used 5344K, capacity 5594K, committed 5632K, reserved 1048576K
Event: 10959.064 GC heap after
Heap after GC invocations=9 (full 2):
 PSYoungGen      total 353792K, used 74212K [0x000000076cb80000, 0x000000078f180000, 0x00000007c0000000)
  eden space 279552K, 0% used [0x000000076cb80000,0x000000076cb80000,0x000000077dc80000)
  from space 74240K, 99% used [0x000000077dc80000,0x00000007824f9178,0x0000000782500000)
  to   space 93696K, 0% used [0x0000000789600000,0x0000000789600000,0x000000078f180000)
 ParOldGen       total 192000K, used 113565K [0x00000006c6200000, 0x00000006d1d80000, 0x000000076cb80000)
  object space 192000K, 59% used [0x00000006c6200000,0x00000006cd0e7578,0x00000006d1d80000)
 Metaspace       used 43881K, capacity 45250K, committed 45528K, reserved 1089536K
  class space    used 5344K, capacity 5594K, committed 5632K, reserved 1048576K
}
Event: 23366.692 GC heap before
{Heap before GC invocations=10 (full 2):
 PSYoungGen      total 353792K, used 353764K [0x000000076cb80000, 0x000000078f180000, 0x00000007c0000000)
  eden space 279552K, 100% used [0x000000076cb80000,0x000000077dc80000,0x000000077dc80000)
  from space 74240K, 99% used [0x000000077dc80000,0x00000007824f9178,0x0000000782500000)
  to   space 93696K, 0% used [0x0000000789600000,0x0000000789600000,0x000000078f180000)
 ParOldGen       total 192000K, used 113565K [0x00000006c6200000, 0x00000006d1d80000, 0x000000076cb80000)
  object space 192000K, 59% used [0x00000006c6200000,0x00000006cd0e7578,0x00000006d1d80000)
 Metaspace       used 43914K, capacity 45314K, committed 45528K, reserved 1089536K
  class space    used 5345K, capacity 5594K, committed 5632K, reserved 1048576K
Event: 23366.712 GC heap after
Heap after GC invocations=10 (full 2):
 PSYoungGen      total 424448K, used 30761K [0x000000076cb80000, 0x000000078d680000, 0x00000007c0000000)
  eden space 358400K, 0% used [0x000000076cb80000,0x000000076cb80000,0x0000000782980000)
  from space 66048K, 46% used [0x0000000789600000,0x000000078b40a748,0x000000078d680000)
  to   space 88576K, 0% used [0x0000000782980000,0x0000000782980000,0x0000000788000000)
 ParOldGen       total 192000K, used 113573K [0x00000006c6200000, 0x00000006d1d80000, 0x000000076cb80000)
  object space 192000K, 59% used [0x00000006c6200000,0x00000006cd0e9578,0x00000006d1d80000)
 Metaspace       used 43914K, capacity 45314K, committed 45528K, reserved 1089536K
  class space    used 5345K, capacity 5594K, committed 5632K, reserved 1048576K
}

